#
# There is insufficient memory for the Java Runtime Environment to continue.
# Native memory allocation (mmap) failed to map 8589934592 bytes for G1 virtual space
# Possible reasons:
#   The system is out of physical RAM or swap space
#   The process is running with CompressedOops enabled, and the Java Heap may be blocking the growth of the native heap
# Possible solutions:
#   Reduce memory load on the system
#   Increase physical memory or swap space
#   Check if swap backing store is full
#   Decrease Java heap size (-Xmx/-Xms)
#   Decrease number of Java threads
#   Decrease Java thread stack sizes (-Xss)
#   Set larger code cache with -XX:ReservedCodeCacheSize=
#   JVM is running with Zero Based Compressed Oops mode in which the Java heap is
#     placed in the first 32GB address space. The Java Heap base address is the
#     maximum limit for the native heap growth. Please use -XX:HeapBaseMinAddress
#     to set the Java Heap base and to place the Java Heap above 32GB virtual address.
# This output file may be truncated or incomplete.
#
#  Out of Memory Error (os_windows.cpp:3825), pid=36892, tid=37012
#
# JRE version:  (17.0.10+8) (build )
# Java VM: OpenJDK 64-Bit Server VM (17.0.10+8-b1207.12, mixed mode, sharing, tiered, compressed oops, compressed class ptrs, g1 gc, windows-amd64)
# No core dump will be written. Minidumps are not enabled by default on client versions of Windows
#

---------------  S U M M A R Y ------------

Command Line: -Djava.rmi.server.hostname=127.0.0.1 -Duser.timezone=UTC -Xmx8192m -Xms8192m -Djdbc.classpath=D:\vsCode\IntelliJ IDEA 2024.1\plugins\DatabaseTools\lib\jdbc-console.jar;C:\Users\HYT\AppData\Roaming\JetBrains\IntelliJIdea2024.1\jdbc-drivers\MySQL ConnectorJ\8.2.0\com\mysql\mysql-connector-j\8.2.0\mysql-connector-j-8.2.0.jar;C:\Users\HYT\AppData\Roaming\JetBrains\IntelliJIdea2024.1\jdbc-drivers\MySQL ConnectorJ\8.2.0\com\google\protobuf\protobuf-java\3.21.9\protobuf-java-3.21.9.jar --add-exports=java.desktop/sun.awt=ALL-UNNAMED --add-exports=java.desktop/java.awt.peer=ALL-UNNAMED --add-opens=java.desktop/java.awt=ALL-UNNAMED --add-opens=jdk.unsupported/sun.misc=ALL-UNNAMED --add-opens=java.base/java.nio=ALL-UNNAMED --add-opens=java.base/java.util=ALL-UNNAMED -Dfile.encoding=UTF-8 com.intellij.database.remote.RemoteJdbcServer com.mysql.cj.jdbc.Driver

Host: 12th Gen Intel(R) Core(TM) i7-12700H, 20 cores, 15G,  Windows 11 , 64 bit Build 22621 (10.0.22621.4391)
Time: Tue Dec 10 16:42:44 2024  Windows 11 , 64 bit Build 22621 (10.0.22621.4391) elapsed time: 0.008950 seconds (0d 0h 0m 0s)

---------------  T H R E A D  ---------------

Current thread (0x0000018be81b1190):  JavaThread "Unknown thread" [_thread_in_vm, id=37012, stack(0x0000005cd1c00000,0x0000005cd1d00000)]

Stack: [0x0000005cd1c00000,0x0000005cd1d00000]
Native frames: (J=compiled Java code, j=interpreted, Vv=VM code, C=native code)
V  [jvm.dll+0x687989]
V  [jvm.dll+0x84116a]
V  [jvm.dll+0x842dae]
V  [jvm.dll+0x843413]
V  [jvm.dll+0x249ccf]
V  [jvm.dll+0x684759]
V  [jvm.dll+0x67900a]
V  [jvm.dll+0x30ab0b]
V  [jvm.dll+0x311fb6]
V  [jvm.dll+0x361d5e]
V  [jvm.dll+0x361f8f]
V  [jvm.dll+0x2e07f8]
V  [jvm.dll+0x2e1764]
V  [jvm.dll+0x811c31]
V  [jvm.dll+0x36fc11]
V  [jvm.dll+0x7f0666]
V  [jvm.dll+0x3f3daf]
V  [jvm.dll+0x3f5a41]
C  [jli.dll+0x528f]
C  [ucrtbase.dll+0x29333]
C  [KERNEL32.DLL+0x1259d]
C  [ntdll.dll+0x5af38]


---------------  P R O C E S S  ---------------

Threads class SMR info:
_java_thread_list=0x00007ff9e905df58, length=0, elements={
}

Java Threads: ( => current thread )

Other Threads:
  0x0000018bfe4d0080 GCTaskThread "GC Thread#0" [stack: 0x0000005cd1d00000,0x0000005cd1e00000] [id=35712]
  0x0000018bfe4e0de0 ConcurrentGCThread "G1 Main Marker" [stack: 0x0000005cd1e00000,0x0000005cd1f00000] [id=36736]
  0x0000018bfe4e2620 ConcurrentGCThread "G1 Conc#0" [stack: 0x0000005cd1f00000,0x0000005cd2000000] [id=30872]

[error occurred during error reporting (printing all threads), id 0xc0000005, EXCEPTION_ACCESS_VIOLATION (0xc0000005) at pc=0x00007ff9e88113c7]

VM state: not at safepoint (not fully initialized)

VM Mutex/Monitor currently owned by a thread:  ([mutex/lock_event])
[0x0000018be81ad4f0] Heap_lock - owner thread: 0x0000018be81b1190

Heap address: 0x0000000600000000, size: 8192 MB, Compressed Oops mode: Zero based, Oop shift amount: 3

CDS archive(s) mapped at: [0x0000000000000000-0x0000000000000000-0x0000000000000000), size 0, SharedBaseAddress: 0x0000000800000000, ArchiveRelocationMode: 1.
Narrow klass base: 0x0000000000000000, Narrow klass shift: 0, Narrow klass range: 0x0

GC Precious Log:
<Empty>

Heap:
 garbage-first heap   total 0K, used 0K [0x0000000600000000, 0x0000000800000000)
  region size 4096K, 0 young (0K), 0 survivors (0K)
 Metaspace       used 0K, committed 0K, reserved 0K
  class space    used 0K, committed 0K, reserved 0K

Heap Regions: E=young(eden), S=young(survivor), O=old, HS=humongous(starts), HC=humongous(continues), CS=collection set, F=free, OA=open archive, CA=closed archive, TAMS=top-at-mark-start (previous, next)

Card table byte_map: [0x0000018bfc3c0000,0x0000018bfd3c0000] _byte_map_base: 0x0000018bf93c0000

Marking Bits (Prev, Next): (CMBitMap*) 0x0000018bfe4d04b0, (CMBitMap*) 0x0000018bfe4d04f0
 Prev Bits: [0x0000018b80000000, 0x0000018b88000000)
 Next Bits: [0x0000018b88000000, 0x0000018b90000000)

GC Heap History (0 events):
No events

Dll operation events (1 events):
Event: 0.006 Loaded shared library D:\vsCode\IntelliJ IDEA 2024.1\jbr\bin\java.dll

Deoptimization events (0 events):
No events

Classes unloaded (0 events):
No events

Classes redefined (0 events):
No events

Internal exceptions (0 events):
No events

VM Operations (0 events):
No events

Events (0 events):
No events


Dynamic libraries:
0x00007ff6b4af0000 - 0x00007ff6b4afa000 	D:\vsCode\IntelliJ IDEA 2024.1\jbr\bin\java.exe
0x00007ffa9e530000 - 0x00007ffa9e747000 	C:\WINDOWS\SYSTEM32\ntdll.dll
0x00007ffa9cb30000 - 0x00007ffa9cbf4000 	C:\WINDOWS\System32\KERNEL32.DLL
0x00007ffa9bdd0000 - 0x00007ffa9c189000 	C:\WINDOWS\System32\KERNELBASE.dll
0x00007ffa9ba20000 - 0x00007ffa9bb31000 	C:\WINDOWS\System32\ucrtbase.dll
0x00007ffa925e0000 - 0x00007ffa925f7000 	D:\vsCode\IntelliJ IDEA 2024.1\jbr\bin\jli.dll
0x00007ffa8aa60000 - 0x00007ffa8aa7b000 	D:\vsCode\IntelliJ IDEA 2024.1\jbr\bin\VCRUNTIME140.dll
0x00007ffa9cd70000 - 0x00007ffa9cf1e000 	C:\WINDOWS\System32\USER32.dll
0x00007ffa9b8d0000 - 0x00007ffa9b8f6000 	C:\WINDOWS\System32\win32u.dll
0x00007ffa7c550000 - 0x00007ffa7c7e2000 	C:\WINDOWS\WinSxS\amd64_microsoft.windows.common-controls_6595b64144ccf1df_6.0.22621.4391_none_2715d37f73803e96\COMCTL32.dll
0x00007ffa9c480000 - 0x00007ffa9c4a9000 	C:\WINDOWS\System32\GDI32.dll
0x00007ffa9ccc0000 - 0x00007ffa9cd67000 	C:\WINDOWS\System32\msvcrt.dll
0x00007ffa9b900000 - 0x00007ffa9ba1b000 	C:\WINDOWS\System32\gdi32full.dll
0x00007ffa9b830000 - 0x00007ffa9b8ca000 	C:\WINDOWS\System32\msvcp_win.dll
0x00007ffa9c4b0000 - 0x00007ffa9c4e1000 	C:\WINDOWS\System32\IMM32.DLL
0x00007ffa8aa50000 - 0x00007ffa8aa5c000 	D:\vsCode\IntelliJ IDEA 2024.1\jbr\bin\vcruntime140_1.dll
0x00007ffa41b90000 - 0x00007ffa41c1d000 	D:\vsCode\IntelliJ IDEA 2024.1\jbr\bin\msvcp140.dll
0x00007ff9e8520000 - 0x00007ff9e91a2000 	D:\vsCode\IntelliJ IDEA 2024.1\jbr\bin\server\jvm.dll
0x00007ffa9e430000 - 0x00007ffa9e4e2000 	C:\WINDOWS\System32\ADVAPI32.dll
0x00007ffa9de20000 - 0x00007ffa9dec7000 	C:\WINDOWS\System32\sechost.dll
0x00007ffa9bb40000 - 0x00007ffa9bb68000 	C:\WINDOWS\System32\bcrypt.dll
0x00007ffa9ca10000 - 0x00007ffa9cb24000 	C:\WINDOWS\System32\RPCRT4.dll
0x00007ffa9a6c0000 - 0x00007ffa9a70d000 	C:\WINDOWS\SYSTEM32\POWRPROF.dll
0x00007ffa75d60000 - 0x00007ffa75d69000 	C:\WINDOWS\SYSTEM32\WSOCK32.dll
0x00007ffa92a50000 - 0x00007ffa92a84000 	C:\WINDOWS\SYSTEM32\WINMM.dll
0x00007ffa8e940000 - 0x00007ffa8e94a000 	C:\WINDOWS\SYSTEM32\VERSION.dll
0x00007ffa9dda0000 - 0x00007ffa9de11000 	C:\WINDOWS\System32\WS2_32.dll
0x00007ffa9a6a0000 - 0x00007ffa9a6b3000 	C:\WINDOWS\SYSTEM32\UMPDC.dll
0x00007ffa9a960000 - 0x00007ffa9a978000 	C:\WINDOWS\SYSTEM32\kernel.appcore.dll
0x00007ffa974d0000 - 0x00007ffa974da000 	D:\vsCode\IntelliJ IDEA 2024.1\jbr\bin\jimage.dll
0x00007ffa99d70000 - 0x00007ffa99fa2000 	C:\WINDOWS\SYSTEM32\DBGHELP.DLL
0x00007ffa9c5d0000 - 0x00007ffa9c95f000 	C:\WINDOWS\System32\combase.dll
0x00007ffa9c4f0000 - 0x00007ffa9c5c7000 	C:\WINDOWS\System32\OLEAUT32.dll
0x00007ffa8e900000 - 0x00007ffa8e932000 	C:\WINDOWS\SYSTEM32\dbgcore.DLL
0x00007ffa9bce0000 - 0x00007ffa9bd5b000 	C:\WINDOWS\System32\bcryptPrimitives.dll
0x00007ffa8a8c0000 - 0x00007ffa8a8e5000 	D:\vsCode\IntelliJ IDEA 2024.1\jbr\bin\java.dll

dbghelp: loaded successfully - version: 4.0.5 - missing functions: none
symbol engine: initialized successfully - sym options: 0x614 - pdb path: .;D:\vsCode\IntelliJ IDEA 2024.1\jbr\bin;C:\WINDOWS\SYSTEM32;C:\WINDOWS\WinSxS\amd64_microsoft.windows.common-controls_6595b64144ccf1df_6.0.22621.4391_none_2715d37f73803e96;D:\vsCode\IntelliJ IDEA 2024.1\jbr\bin\server

VM Arguments:
jvm_args: -Djava.rmi.server.hostname=127.0.0.1 -Duser.timezone=UTC -Xmx8192m -Xms8192m -Djdbc.classpath=D:\vsCode\IntelliJ IDEA 2024.1\plugins\DatabaseTools\lib\jdbc-console.jar;C:\Users\HYT\AppData\Roaming\JetBrains\IntelliJIdea2024.1\jdbc-drivers\MySQL ConnectorJ\8.2.0\com\mysql\mysql-connector-j\8.2.0\mysql-connector-j-8.2.0.jar;C:\Users\HYT\AppData\Roaming\JetBrains\IntelliJIdea2024.1\jdbc-drivers\MySQL ConnectorJ\8.2.0\com\google\protobuf\protobuf-java\3.21.9\protobuf-java-3.21.9.jar --add-exports=java.desktop/sun.awt=ALL-UNNAMED --add-exports=java.desktop/java.awt.peer=ALL-UNNAMED --add-opens=java.desktop/java.awt=ALL-UNNAMED --add-opens=jdk.unsupported/sun.misc=ALL-UNNAMED --add-opens=java.base/java.nio=ALL-UNNAMED --add-opens=java.base/java.util=ALL-UNNAMED -Dfile.encoding=UTF-8 
java_command: com.intellij.database.remote.RemoteJdbcServer com.mysql.cj.jdbc.Driver
java_class_path (initial): D:\vsCode\IntelliJ IDEA 2024.1\lib\util_rt.jar;D:\vsCode\IntelliJ IDEA 2024.1\lib\util-8.jar;D:\vsCode\IntelliJ IDEA 2024.1\lib\groovy.jar;D:\vsCode\IntelliJ IDEA 2024.1\plugins\DatabaseTools\lib\jdbc-console.jar;D:\vsCode\IntelliJ IDEA 2024.1\plugins\grid-core-impl\lib\jdbc-console-types.jar;D:\vsCode\IntelliJ IDEA 2024.1\lib\util.jar
Launcher Type: SUN_STANDARD

[Global flags]
     intx CICompilerCount                          = 12                                        {product} {ergonomic}
     uint ConcGCThreads                            = 4                                         {product} {ergonomic}
     uint G1ConcRefinementThreads                  = 15                                        {product} {ergonomic}
   size_t G1HeapRegionSize                         = 4194304                                   {product} {ergonomic}
    uintx GCDrainStackTargetSize                   = 64                                        {product} {ergonomic}
   size_t InitialHeapSize                          = 8589934592                                {product} {command line}
   size_t MarkStackSize                            = 4194304                                   {product} {ergonomic}
   size_t MaxHeapSize                              = 8589934592                                {product} {command line}
   size_t MinHeapDeltaBytes                        = 4194304                                   {product} {ergonomic}
   size_t MinHeapSize                              = 8589934592                                {product} {command line}
    uintx NonNMethodCodeHeapSize                   = 7602480                                {pd product} {ergonomic}
    uintx NonProfiledCodeHeapSize                  = 122027880                              {pd product} {ergonomic}
    uintx ProfiledCodeHeapSize                     = 122027880                              {pd product} {ergonomic}
    uintx ReservedCodeCacheSize                    = 251658240                              {pd product} {ergonomic}
     bool SegmentedCodeCache                       = true                                      {product} {ergonomic}
   size_t SoftMaxHeapSize                          = 8589934592                             {manageable} {ergonomic}
     bool UseCompressedClassPointers               = true                           {product lp64_product} {ergonomic}
     bool UseCompressedOops                        = true                           {product lp64_product} {ergonomic}
     bool UseG1GC                                  = true                                      {product} {ergonomic}
     bool UseLargePagesIndividualAllocation        = false                                  {pd product} {ergonomic}

Logging:
Log output configuration:
 #0: stdout all=warning uptime,level,tags
 #1: stderr all=off uptime,level,tags

Environment Variables:
JAVA_HOME=C:\JDK\jdk22
CLASSPATH=.;C:\JDK\jdk22\lib;C:\JDK\jdk22\lib\tools.jar
PATH=C:\JDK\jdk22\bin\;D:\VMware\bin\;C:\Windows\system32;C:\Windows;C:\Windows\System32\Wbem;C:\Windows\System32\WindowsPowerShell\v1.0\;C:\Windows\System32\OpenSSH\;C:\Program Files (x86)\NVIDIA Corporation\PhysX\Common;C:\Program Files\NVIDIA Corporation\NVIDIA NvDLISR;C:\WINDOWS\system32;C:\WINDOWS;C:\WINDOWS\System32\Wbem;C:\WINDOWS\System32\WindowsPowerShell\v1.0\;C:\WINDOWS\System32\OpenSSH\;D:\mingw64\bin;C:\Program Files\MySQL\MySQL Server 8.0\bin;C:\Program Files\dotnet\;C:\Program Files\Git\cmd;D:\腾讯\微信web开发者工具\dll;D:\软件\;C:\Users\HYT\AppData\Local\Programs\Python\Python312\Scripts\;C:\Users\HYT\AppData\Local\Programs\Python\Python312\;C:\Users\HYT\AppData\Local\Programs\Python\Launcher\;C:\Program Files\MySQL\MySQL Shell 8.0\bin\;C:\Users\HYT\AppData\Local\Microsoft\WindowsApps;D:\vsCode\Microsoft VS Code\bin;D:\Programming\apache-maven-3.9.8\bin;C:\Users\HYT\AppData\Roaming\npm
USERNAME=HYT
OS=Windows_NT
PROCESSOR_IDENTIFIER=Intel64 Family 6 Model 154 Stepping 3, GenuineIntel
TMP=C:\Users\HYT\AppData\Local\Temp
TEMP=C:\Users\HYT\AppData\Local\Temp



Periodic native trim disabled

JNI global refs:
JNI global refs: 0, weak refs: 0

JNI global refs memory usage: 0, weak refs: 0

OOME stack traces (most recent first):
Classloader memory used:


---------------  S Y S T E M  ---------------

OS:
 Windows 11 , 64 bit Build 22621 (10.0.22621.4391)
OS uptime: 2 days 8:08 hours

CPU: total 20 (initial active 20) (10 cores per cpu, 2 threads per core) family 6 model 154 stepping 3 microcode 0x419, cx8, cmov, fxsr, ht, mmx, 3dnowpref, sse, sse2, sse3, ssse3, sse4.1, sse4.2, popcnt, lzcnt, tsc, tscinvbit, avx, avx2, aes, erms, clmul, bmi1, bmi2, adx, sha, fma, vzeroupper, clflush, clflushopt, clwb
Processor Information for processor 0
  Max Mhz: 2300, Current Mhz: 2300, Mhz Limit: 2300
Processor Information for processor 1
  Max Mhz: 2300, Current Mhz: 2300, Mhz Limit: 2300
Processor Information for processor 2
  Max Mhz: 2300, Current Mhz: 2300, Mhz Limit: 2300
Processor Information for processor 3
  Max Mhz: 2300, Current Mhz: 2300, Mhz Limit: 2300
Processor Information for processor 4
  Max Mhz: 2300, Current Mhz: 2300, Mhz Limit: 2300
Processor Information for processor 5
  Max Mhz: 2300, Current Mhz: 2300, Mhz Limit: 2300
Processor Information for processor 6
  Max Mhz: 2300, Current Mhz: 2300, Mhz Limit: 2300
Processor Information for processor 7
  Max Mhz: 2300, Current Mhz: 2300, Mhz Limit: 2300
Processor Information for processor 8
  Max Mhz: 2300, Current Mhz: 2300, Mhz Limit: 2300
Processor Information for processor 9
  Max Mhz: 2300, Current Mhz: 2300, Mhz Limit: 2300
Processor Information for processor 10
  Max Mhz: 2300, Current Mhz: 2300, Mhz Limit: 2300
Processor Information for processor 11
  Max Mhz: 2300, Current Mhz: 2300, Mhz Limit: 2300
Processor Information for processor 12
  Max Mhz: 2300, Current Mhz: 1700, Mhz Limit: 1679
Processor Information for processor 13
  Max Mhz: 2300, Current Mhz: 1700, Mhz Limit: 1679
Processor Information for processor 14
  Max Mhz: 2300, Current Mhz: 1700, Mhz Limit: 1679
Processor Information for processor 15
  Max Mhz: 2300, Current Mhz: 1700, Mhz Limit: 1679
Processor Information for processor 16
  Max Mhz: 2300, Current Mhz: 1700, Mhz Limit: 1679
Processor Information for processor 17
  Max Mhz: 2300, Current Mhz: 1700, Mhz Limit: 1679
Processor Information for processor 18
  Max Mhz: 2300, Current Mhz: 1700, Mhz Limit: 1679
Processor Information for processor 19
  Max Mhz: 2300, Current Mhz: 1700, Mhz Limit: 1679

Memory: 4k page, system-wide physical 16075M (1193M free)
TotalPageFile size 40176M (AvailPageFile size 4722M)
current process WorkingSet (physical memory assigned to process): 12M, peak: 12M
current process commit charge ("private bytes"): 75M, peak: 8267M

vm_info: OpenJDK 64-Bit Server VM (17.0.10+8-b1207.12) for windows-amd64 JRE (17.0.10+8-b1207.12), built on 2024-03-15 by "builduser" with MS VC++ 16.10 / 16.11 (VS2019)

END.
