#
# There is insufficient memory for the Java Runtime Environment to continue.
# Native memory allocation (mmap) failed to map 8589934592 bytes for G1 virtual space
# Possible reasons:
#   The system is out of physical RAM or swap space
#   The process is running with CompressedOops enabled, and the Java Heap may be blocking the growth of the native heap
# Possible solutions:
#   Reduce memory load on the system
#   Increase physical memory or swap space
#   Check if swap backing store is full
#   Decrease Java heap size (-Xmx/-Xms)
#   Decrease number of Java threads
#   Decrease Java thread stack sizes (-Xss)
#   Set larger code cache with -XX:ReservedCodeCacheSize=
#   JVM is running with Zero Based Compressed Oops mode in which the Java heap is
#     placed in the first 32GB address space. The Java Heap base address is the
#     maximum limit for the native heap growth. Please use -XX:HeapBaseMinAddress
#     to set the Java Heap base and to place the Java Heap above 32GB virtual address.
# This output file may be truncated or incomplete.
#
#  Out of Memory Error (os_windows.cpp:3825), pid=14404, tid=23072
#
# JRE version:  (17.0.10+8) (build )
# Java VM: OpenJDK 64-Bit Server VM (17.0.10+8-b1207.12, mixed mode, sharing, tiered, compressed oops, compressed class ptrs, g1 gc, windows-amd64)
# No core dump will be written. Minidumps are not enabled by default on client versions of Windows
#

---------------  S U M M A R Y ------------

Command Line: -Djava.rmi.server.hostname=127.0.0.1 -Duser.timezone=UTC -Xmx8192m -Xms8192m -Djdbc.classpath=D:\vsCode\IntelliJ IDEA 2024.1\plugins\DatabaseTools\lib\jdbc-console.jar;C:\Users\HYT\AppData\Roaming\JetBrains\IntelliJIdea2024.1\jdbc-drivers\MySQL ConnectorJ\8.2.0\com\mysql\mysql-connector-j\8.2.0\mysql-connector-j-8.2.0.jar;C:\Users\HYT\AppData\Roaming\JetBrains\IntelliJIdea2024.1\jdbc-drivers\MySQL ConnectorJ\8.2.0\com\google\protobuf\protobuf-java\3.21.9\protobuf-java-3.21.9.jar --add-exports=java.desktop/sun.awt=ALL-UNNAMED --add-exports=java.desktop/java.awt.peer=ALL-UNNAMED --add-opens=java.desktop/java.awt=ALL-UNNAMED --add-opens=jdk.unsupported/sun.misc=ALL-UNNAMED --add-opens=java.base/java.nio=ALL-UNNAMED --add-opens=java.base/java.util=ALL-UNNAMED -Dfile.encoding=UTF-8 com.intellij.database.remote.RemoteJdbcServer com.mysql.cj.jdbc.Driver

Host: 12th Gen Intel(R) Core(TM) i7-12700H, 20 cores, 15G,  Windows 11 , 64 bit Build 22621 (10.0.22621.4391)
Time: Wed Dec 11 21:06:29 2024  Windows 11 , 64 bit Build 22621 (10.0.22621.4391) elapsed time: 0.401865 seconds (0d 0h 0m 0s)

---------------  T H R E A D  ---------------

Current thread (0x00000240cf91dff0):  JavaThread "Unknown thread" [_thread_in_vm, id=23072, stack(0x0000007771b00000,0x0000007771c00000)]

Stack: [0x0000007771b00000,0x0000007771c00000]
Native frames: (J=compiled Java code, j=interpreted, Vv=VM code, C=native code)
V  [jvm.dll+0x687989]
V  [jvm.dll+0x84116a]
V  [jvm.dll+0x842dae]
V  [jvm.dll+0x843413]
V  [jvm.dll+0x249ccf]
V  [jvm.dll+0x684759]
V  [jvm.dll+0x67900a]
V  [jvm.dll+0x30ab0b]
V  [jvm.dll+0x311fb6]
V  [jvm.dll+0x361d5e]
V  [jvm.dll+0x361f8f]
V  [jvm.dll+0x2e07f8]
V  [jvm.dll+0x2e1764]
V  [jvm.dll+0x811c31]
V  [jvm.dll+0x36fc11]
V  [jvm.dll+0x7f0666]
V  [jvm.dll+0x3f3daf]
V  [jvm.dll+0x3f5a41]
C  [jli.dll+0x528f]
C  [ucrtbase.dll+0x29333]
C  [KERNEL32.DLL+0x1259d]
C  [ntdll.dll+0x5af38]


---------------  P R O C E S S  ---------------

Threads class SMR info:
_java_thread_list=0x00007ff8e5fedf58, length=0, elements={
}

Java Threads: ( => current thread )

Other Threads:
  0x00000240d1c8d720 GCTaskThread "GC Thread#0" [stack: 0x0000007771c00000,0x0000007771d00000] [id=23432]
  0x00000240d1c8e640 ConcurrentGCThread "G1 Main Marker" [stack: 0x0000007771d00000,0x0000007771e00000] [id=20988]
  0x00000240f7f12230 ConcurrentGCThread "G1 Conc#0" [stack: 0x0000007771e00000,0x0000007771f00000] [id=2264]

[error occurred during error reporting (printing all threads), id 0xc0000005, EXCEPTION_ACCESS_VIOLATION (0xc0000005) at pc=0x00007ff8e57a13c7]

VM state: not at safepoint (not fully initialized)

VM Mutex/Monitor currently owned by a thread:  ([mutex/lock_event])
[0x00000240cf91b4f0] Heap_lock - owner thread: 0x00000240cf91dff0

Heap address: 0x0000000600000000, size: 8192 MB, Compressed Oops mode: Zero based, Oop shift amount: 3

CDS archive(s) mapped at: [0x0000000000000000-0x0000000000000000-0x0000000000000000), size 0, SharedBaseAddress: 0x0000000800000000, ArchiveRelocationMode: 1.
Narrow klass base: 0x0000000000000000, Narrow klass shift: 0, Narrow klass range: 0x0

GC Precious Log:
<Empty>

Heap:
 garbage-first heap   total 0K, used 0K [0x0000000600000000, 0x0000000800000000)
  region size 4096K, 0 young (0K), 0 survivors (0K)
 Metaspace       used 0K, committed 0K, reserved 0K
  class space    used 0K, committed 0K, reserved 0K

Heap Regions: E=young(eden), S=young(survivor), O=old, HS=humongous(starts), HC=humongous(continues), CS=collection set, F=free, OA=open archive, CA=closed archive, TAMS=top-at-mark-start (previous, next)

Card table byte_map: [0x00000240e5df0000,0x00000240e6df0000] _byte_map_base: 0x00000240e2df0000

Marking Bits (Prev, Next): (CMBitMap*) 0x00000240d1c8dd40, (CMBitMap*) 0x00000240d1c8dd80
 Prev Bits: [0x00000240e7df0000, 0x00000240efdf0000)
 Next Bits: [0x00000240efdf0000, 0x00000240f7df0000)

GC Heap History (0 events):
No events

Dll operation events (1 events):
Event: 0.007 Loaded shared library D:\vsCode\IntelliJ IDEA 2024.1\jbr\bin\java.dll

Deoptimization events (0 events):
No events

Classes unloaded (0 events):
No events

Classes redefined (0 events):
No events

Internal exceptions (0 events):
No events

VM Operations (0 events):
No events

Events (0 events):
No events


Dynamic libraries:
0x00007ff71fd70000 - 0x00007ff71fd7a000 	D:\vsCode\IntelliJ IDEA 2024.1\jbr\bin\java.exe
0x00007ff989430000 - 0x00007ff989647000 	C:\WINDOWS\SYSTEM32\ntdll.dll
0x00007ff9887c0000 - 0x00007ff988884000 	C:\WINDOWS\System32\KERNEL32.DLL
0x00007ff9868c0000 - 0x00007ff986c79000 	C:\WINDOWS\System32\KERNELBASE.dll
0x00007ff9867a0000 - 0x00007ff9868b1000 	C:\WINDOWS\System32\ucrtbase.dll
0x00007ff96ae20000 - 0x00007ff96ae3b000 	D:\vsCode\IntelliJ IDEA 2024.1\jbr\bin\VCRUNTIME140.dll
0x00007ff96adc0000 - 0x00007ff96add7000 	D:\vsCode\IntelliJ IDEA 2024.1\jbr\bin\jli.dll
0x00007ff987150000 - 0x00007ff9872fe000 	C:\WINDOWS\System32\USER32.dll
0x00007ff986e60000 - 0x00007ff986e86000 	C:\WINDOWS\System32\win32u.dll
0x00007ff9885c0000 - 0x00007ff9885e9000 	C:\WINDOWS\System32\GDI32.dll
0x00007ff987030000 - 0x00007ff98714b000 	C:\WINDOWS\System32\gdi32full.dll
0x00007ff967af0000 - 0x00007ff967d82000 	C:\WINDOWS\WinSxS\amd64_microsoft.windows.common-controls_6595b64144ccf1df_6.0.22621.4391_none_2715d37f73803e96\COMCTL32.dll
0x00007ff986c80000 - 0x00007ff986d1a000 	C:\WINDOWS\System32\msvcp_win.dll
0x00007ff988510000 - 0x00007ff9885b7000 	C:\WINDOWS\System32\msvcrt.dll
0x00007ff988ca0000 - 0x00007ff988cd1000 	C:\WINDOWS\System32\IMM32.DLL
0x00007ff980750000 - 0x00007ff98075c000 	D:\vsCode\IntelliJ IDEA 2024.1\jbr\bin\vcruntime140_1.dll
0x00007ff968090000 - 0x00007ff96811d000 	D:\vsCode\IntelliJ IDEA 2024.1\jbr\bin\msvcp140.dll
0x00007ff8e54b0000 - 0x00007ff8e6132000 	D:\vsCode\IntelliJ IDEA 2024.1\jbr\bin\server\jvm.dll
0x00007ff9889b0000 - 0x00007ff988a62000 	C:\WINDOWS\System32\ADVAPI32.dll
0x00007ff988a70000 - 0x00007ff988b17000 	C:\WINDOWS\System32\sechost.dll
0x00007ff986e90000 - 0x00007ff986eb8000 	C:\WINDOWS\System32\bcrypt.dll
0x00007ff988890000 - 0x00007ff9889a4000 	C:\WINDOWS\System32\RPCRT4.dll
0x00007ff95d9d0000 - 0x00007ff95d9d9000 	C:\WINDOWS\SYSTEM32\WSOCK32.dll
0x00007ff9855c0000 - 0x00007ff98560d000 	C:\WINDOWS\SYSTEM32\POWRPROF.dll
0x00007ff9886d0000 - 0x00007ff988741000 	C:\WINDOWS\System32\WS2_32.dll
0x00007ff978960000 - 0x00007ff97896a000 	C:\WINDOWS\SYSTEM32\VERSION.dll
0x00007ff97dbb0000 - 0x00007ff97dbe4000 	C:\WINDOWS\SYSTEM32\WINMM.dll
0x00007ff9855a0000 - 0x00007ff9855b3000 	C:\WINDOWS\SYSTEM32\UMPDC.dll
0x00007ff985860000 - 0x00007ff985878000 	C:\WINDOWS\SYSTEM32\kernel.appcore.dll
0x00007ff97ebf0000 - 0x00007ff97ebfa000 	D:\vsCode\IntelliJ IDEA 2024.1\jbr\bin\jimage.dll
0x00007ff984c70000 - 0x00007ff984ea2000 	C:\WINDOWS\SYSTEM32\DBGHELP.DLL
0x00007ff988f90000 - 0x00007ff98931f000 	C:\WINDOWS\System32\combase.dll
0x00007ff9885f0000 - 0x00007ff9886c7000 	C:\WINDOWS\System32\OLEAUT32.dll
0x00007ff9788a0000 - 0x00007ff9788d2000 	C:\WINDOWS\SYSTEM32\dbgcore.DLL
0x00007ff986de0000 - 0x00007ff986e5b000 	C:\WINDOWS\System32\bcryptPrimitives.dll
0x00007ff97ba00000 - 0x00007ff97ba25000 	D:\vsCode\IntelliJ IDEA 2024.1\jbr\bin\java.dll

dbghelp: loaded successfully - version: 4.0.5 - missing functions: none
symbol engine: initialized successfully - sym options: 0x614 - pdb path: .;D:\vsCode\IntelliJ IDEA 2024.1\jbr\bin;C:\WINDOWS\SYSTEM32;C:\WINDOWS\WinSxS\amd64_microsoft.windows.common-controls_6595b64144ccf1df_6.0.22621.4391_none_2715d37f73803e96;D:\vsCode\IntelliJ IDEA 2024.1\jbr\bin\server

VM Arguments:
jvm_args: -Djava.rmi.server.hostname=127.0.0.1 -Duser.timezone=UTC -Xmx8192m -Xms8192m -Djdbc.classpath=D:\vsCode\IntelliJ IDEA 2024.1\plugins\DatabaseTools\lib\jdbc-console.jar;C:\Users\HYT\AppData\Roaming\JetBrains\IntelliJIdea2024.1\jdbc-drivers\MySQL ConnectorJ\8.2.0\com\mysql\mysql-connector-j\8.2.0\mysql-connector-j-8.2.0.jar;C:\Users\HYT\AppData\Roaming\JetBrains\IntelliJIdea2024.1\jdbc-drivers\MySQL ConnectorJ\8.2.0\com\google\protobuf\protobuf-java\3.21.9\protobuf-java-3.21.9.jar --add-exports=java.desktop/sun.awt=ALL-UNNAMED --add-exports=java.desktop/java.awt.peer=ALL-UNNAMED --add-opens=java.desktop/java.awt=ALL-UNNAMED --add-opens=jdk.unsupported/sun.misc=ALL-UNNAMED --add-opens=java.base/java.nio=ALL-UNNAMED --add-opens=java.base/java.util=ALL-UNNAMED -Dfile.encoding=UTF-8 
java_command: com.intellij.database.remote.RemoteJdbcServer com.mysql.cj.jdbc.Driver
java_class_path (initial): D:\vsCode\IntelliJ IDEA 2024.1\lib\util_rt.jar;D:\vsCode\IntelliJ IDEA 2024.1\lib\util-8.jar;D:\vsCode\IntelliJ IDEA 2024.1\lib\groovy.jar;D:\vsCode\IntelliJ IDEA 2024.1\plugins\DatabaseTools\lib\jdbc-console.jar;D:\vsCode\IntelliJ IDEA 2024.1\plugins\grid-core-impl\lib\jdbc-console-types.jar;D:\vsCode\IntelliJ IDEA 2024.1\lib\util.jar
Launcher Type: SUN_STANDARD

[Global flags]
     intx CICompilerCount                          = 12                                        {product} {ergonomic}
     uint ConcGCThreads                            = 4                                         {product} {ergonomic}
     uint G1ConcRefinementThreads                  = 15                                        {product} {ergonomic}
   size_t G1HeapRegionSize                         = 4194304                                   {product} {ergonomic}
    uintx GCDrainStackTargetSize                   = 64                                        {product} {ergonomic}
   size_t InitialHeapSize                          = 8589934592                                {product} {command line}
   size_t MarkStackSize                            = 4194304                                   {product} {ergonomic}
   size_t MaxHeapSize                              = 8589934592                                {product} {command line}
   size_t MinHeapDeltaBytes                        = 4194304                                   {product} {ergonomic}
   size_t MinHeapSize                              = 8589934592                                {product} {command line}
    uintx NonNMethodCodeHeapSize                   = 7602480                                {pd product} {ergonomic}
    uintx NonProfiledCodeHeapSize                  = 122027880                              {pd product} {ergonomic}
    uintx ProfiledCodeHeapSize                     = 122027880                              {pd product} {ergonomic}
    uintx ReservedCodeCacheSize                    = 251658240                              {pd product} {ergonomic}
     bool SegmentedCodeCache                       = true                                      {product} {ergonomic}
   size_t SoftMaxHeapSize                          = 8589934592                             {manageable} {ergonomic}
     bool UseCompressedClassPointers               = true                           {product lp64_product} {ergonomic}
     bool UseCompressedOops                        = true                           {product lp64_product} {ergonomic}
     bool UseG1GC                                  = true                                      {product} {ergonomic}
     bool UseLargePagesIndividualAllocation        = false                                  {pd product} {ergonomic}

Logging:
Log output configuration:
 #0: stdout all=warning uptime,level,tags
 #1: stderr all=off uptime,level,tags

Environment Variables:
JAVA_HOME=C:\JDK\jdk22
CLASSPATH=.;C:\JDK\jdk22\lib;C:\JDK\jdk22\lib\tools.jar
PATH=C:\JDK\jdk22\bin\;D:\VMware\bin\;C:\Windows\system32;C:\Windows;C:\Windows\System32\Wbem;C:\Windows\System32\WindowsPowerShell\v1.0\;C:\Windows\System32\OpenSSH\;C:\Program Files (x86)\NVIDIA Corporation\PhysX\Common;C:\Program Files\NVIDIA Corporation\NVIDIA NvDLISR;C:\WINDOWS\system32;C:\WINDOWS;C:\WINDOWS\System32\Wbem;C:\WINDOWS\System32\WindowsPowerShell\v1.0\;C:\WINDOWS\System32\OpenSSH\;D:\mingw64\bin;C:\Program Files\MySQL\MySQL Server 8.0\bin;C:\Program Files\dotnet\;C:\Program Files\Git\cmd;D:\腾讯\微信web开发者工具\dll;D:\软件\;C:\Users\HYT\AppData\Local\Programs\Python\Python312\Scripts\;C:\Users\HYT\AppData\Local\Programs\Python\Python312\;C:\Users\HYT\AppData\Local\Programs\Python\Launcher\;C:\Program Files\MySQL\MySQL Shell 8.0\bin\;C:\Users\HYT\AppData\Local\Microsoft\WindowsApps;D:\vsCode\Microsoft VS Code\bin;D:\Programming\apache-maven-3.9.8\bin;C:\Users\HYT\AppData\Roaming\npm
USERNAME=HYT
OS=Windows_NT
PROCESSOR_IDENTIFIER=Intel64 Family 6 Model 154 Stepping 3, GenuineIntel
TMP=C:\Users\HYT\AppData\Local\Temp
TEMP=C:\Users\HYT\AppData\Local\Temp



Periodic native trim disabled

JNI global refs:
JNI global refs: 0, weak refs: 0

JNI global refs memory usage: 0, weak refs: 0

OOME stack traces (most recent first):
Classloader memory used:


---------------  S Y S T E M  ---------------

OS:
 Windows 11 , 64 bit Build 22621 (10.0.22621.4391)
OS uptime: 0 days 3:34 hours

CPU: total 20 (initial active 20) (10 cores per cpu, 2 threads per core) family 6 model 154 stepping 3 microcode 0x419, cx8, cmov, fxsr, ht, mmx, 3dnowpref, sse, sse2, sse3, ssse3, sse4.1, sse4.2, popcnt, lzcnt, tsc, tscinvbit, avx, avx2, aes, erms, clmul, bmi1, bmi2, adx, sha, fma, vzeroupper, clflush, clflushopt, clwb
Processor Information for processor 0
  Max Mhz: 2300, Current Mhz: 2300, Mhz Limit: 2300
Processor Information for processor 1
  Max Mhz: 2300, Current Mhz: 2300, Mhz Limit: 2300
Processor Information for processor 2
  Max Mhz: 2300, Current Mhz: 2300, Mhz Limit: 2300
Processor Information for processor 3
  Max Mhz: 2300, Current Mhz: 2300, Mhz Limit: 2300
Processor Information for processor 4
  Max Mhz: 2300, Current Mhz: 2300, Mhz Limit: 2300
Processor Information for processor 5
  Max Mhz: 2300, Current Mhz: 2300, Mhz Limit: 2300
Processor Information for processor 6
  Max Mhz: 2300, Current Mhz: 2300, Mhz Limit: 2300
Processor Information for processor 7
  Max Mhz: 2300, Current Mhz: 2300, Mhz Limit: 2300
Processor Information for processor 8
  Max Mhz: 2300, Current Mhz: 2300, Mhz Limit: 2300
Processor Information for processor 9
  Max Mhz: 2300, Current Mhz: 2300, Mhz Limit: 2300
Processor Information for processor 10
  Max Mhz: 2300, Current Mhz: 2300, Mhz Limit: 2300
Processor Information for processor 11
  Max Mhz: 2300, Current Mhz: 2300, Mhz Limit: 2300
Processor Information for processor 12
  Max Mhz: 2300, Current Mhz: 1700, Mhz Limit: 1679
Processor Information for processor 13
  Max Mhz: 2300, Current Mhz: 1700, Mhz Limit: 1679
Processor Information for processor 14
  Max Mhz: 2300, Current Mhz: 1700, Mhz Limit: 1679
Processor Information for processor 15
  Max Mhz: 2300, Current Mhz: 1700, Mhz Limit: 1679
Processor Information for processor 16
  Max Mhz: 2300, Current Mhz: 1700, Mhz Limit: 1679
Processor Information for processor 17
  Max Mhz: 2300, Current Mhz: 1700, Mhz Limit: 1679
Processor Information for processor 18
  Max Mhz: 2300, Current Mhz: 1700, Mhz Limit: 1679
Processor Information for processor 19
  Max Mhz: 2300, Current Mhz: 1700, Mhz Limit: 1679

Memory: 4k page, system-wide physical 16075M (475M free)
TotalPageFile size 40878M (AvailPageFile size 822M)
current process WorkingSet (physical memory assigned to process): 12M, peak: 12M
current process commit charge ("private bytes"): 75M, peak: 8267M

vm_info: OpenJDK 64-Bit Server VM (17.0.10+8-b1207.12) for windows-amd64 JRE (17.0.10+8-b1207.12), built on 2024-03-15 by "builduser" with MS VC++ 16.10 / 16.11 (VS2019)

END.
